<?xml version="1.0" encoding="UTF-8"?>
<testng-results ignored="0" total="1" passed="1" failed="0" skipped="0">
  <reporter-output>
  </reporter-output>
  <suite started-at="2025-05-23T16:18:35 IST" name="Suite" finished-at="2025-05-23T16:18:37 IST" duration-ms="1250">
    <groups>
      <group name="cucumber">
        <method signature="AbstractTestNGCucumberTests.runScenario(io.cucumber.testng.PickleWrapper,io.cucumber.testng.FeatureWrapper)[pri:0, instance:runner.RunnerTestsFailed@6a03bcb1]" name="runScenario" class="io.cucumber.testng.AbstractTestNGCucumberTests"/>
        <method signature="AbstractTestNGCucumberTests.runScenario(io.cucumber.testng.PickleWrapper,io.cucumber.testng.FeatureWrapper)[pri:0, instance:runner.TestRunner2@548e6d58]" name="runScenario" class="io.cucumber.testng.AbstractTestNGCucumberTests"/>
      </group> <!-- cucumber -->
    </groups>
    <test started-at="2025-05-23T16:18:35 IST" name="Test" finished-at="2025-05-23T16:18:37 IST" duration-ms="1250">
      <class name="runner.RunnerTestsFailed">
        <test-method is-config="true" signature="setUpClass(org.testng.ITestContext)[pri:0, instance:runner.RunnerTestsFailed@6a03bcb1]" started-at="2025-05-23T16:18:37 IST" name="setUpClass" finished-at="2025-05-23T16:18:37 IST" duration-ms="17" status="PASS">
          <params>
            <param index="0">
              <value>
                <![CDATA[org.testng.TestRunner@111d5c97]]>
              </value>
            </param>
          </params>
          <reporter-output>
          </reporter-output>
        </test-method> <!-- setUpClass -->
        <test-method is-config="true" signature="tearDownClass()[pri:0, instance:runner.RunnerTestsFailed@6a03bcb1]" started-at="2025-05-23T16:18:37 IST" name="tearDownClass" finished-at="2025-05-23T16:18:37 IST" duration-ms="1" status="PASS">
          <reporter-output>
          </reporter-output>
        </test-method> <!-- tearDownClass -->
      </class> <!-- runner.RunnerTestsFailed -->
      <class name="runner.TestRunner2">
        <test-method is-config="true" signature="beforeSuite()[pri:0, instance:runner.TestRunner2@548e6d58]" started-at="2025-05-23T16:18:32 IST" name="beforeSuite" finished-at="2025-05-23T16:18:35 IST" duration-ms="3404" status="PASS">
          <reporter-output>
          </reporter-output>
        </test-method> <!-- beforeSuite -->
        <test-method is-config="true" signature="setUpClass(org.testng.ITestContext)[pri:0, instance:runner.TestRunner2@548e6d58]" started-at="2025-05-23T16:18:36 IST" name="setUpClass" finished-at="2025-05-23T16:18:36 IST" duration-ms="681" status="PASS">
          <params>
            <param index="0">
              <value>
                <![CDATA[org.testng.TestRunner@111d5c97]]>
              </value>
            </param>
          </params>
          <reporter-output>
          </reporter-output>
        </test-method> <!-- setUpClass -->
        <test-method signature="runScenario(io.cucumber.testng.PickleWrapper,io.cucumber.testng.FeatureWrapper)[pri:0, instance:runner.TestRunner2@548e6d58]" started-at="2025-05-23T16:18:36 IST" name="runScenario" description="Runs Cucumber Scenarios" data-provider="scenarios" finished-at="2025-05-23T16:18:36 IST" duration-ms="262" status="PASS">
          <params>
            <param index="0">
              <value>
                <![CDATA["Verify Header Scenario"]]>
              </value>
            </param>
            <param index="1">
              <value>
                <![CDATA["Verify"]]>
              </value>
            </param>
          </params>
          <reporter-output>
          </reporter-output>
        </test-method> <!-- runScenario -->
        <test-method is-config="true" signature="tearDownClass()[pri:0, instance:runner.TestRunner2@548e6d58]" started-at="2025-05-23T16:18:36 IST" name="tearDownClass" finished-at="2025-05-23T16:18:37 IST" duration-ms="247" status="PASS">
          <reporter-output>
          </reporter-output>
        </test-method> <!-- tearDownClass -->
        <test-method is-config="true" signature="afterSuite()[pri:0, instance:runner.TestRunner2@548e6d58]" started-at="2025-05-23T16:18:37 IST" name="afterSuite" finished-at="2025-05-23T16:18:37 IST" duration-ms="307" status="PASS">
          <reporter-output>
          </reporter-output>
        </test-method> <!-- afterSuite -->
      </class> <!-- runner.TestRunner2 -->
    </test> <!-- Test -->
  </suite> <!-- Suite -->
</testng-results>
